[    0.000000] Linux version 4.15.0-200-generic (buildd@lcy02-amd64-069) (gcc version 7.5.0 (Ubuntu 7.5.0-3ubuntu1~18.04)) #211-Ubuntu SMP Thu Nov 24 18:16:04 UTC 2022 (Ubuntu 4.15.0-200.211-generic 4.15.18)
[    0.000000] Command line: BOOT_IMAGE=/boot/vmlinuz-4.15.0-200-generic root=LABEL=cloudimg-rootfs ro console=tty1 console=ttyS0
[    0.000000] KERNEL supported cpus:
[    0.000000]   Intel GenuineIntel
[    0.000000]   AMD AuthenticAMD
[    0.000000]   Centaur CentaurHauls
[    0.000000] [Firmware Bug]: TSC doesn't count with P0 frequency!
[    0.000000] x86/fpu: x87 FPU will use FXSAVE
[    0.000000] e820: BIOS-provided physical RAM map:
[    0.000000] BIOS-e820: [mem 0x0000000000000000-0x000000000009fbff] usable
[    0.000000] BIOS-e820: [mem 0x000000000009fc00-0x000000000009ffff] reserved
[    0.000000] BIOS-e820: [mem 0x00000000000f0000-0x00000000000fffff] reserved
[    0.000000] BIOS-e820: [mem 0x0000000000100000-0x000000003ffeffff] usable
[    0.000000] BIOS-e820: [mem 0x000000003fff0000-0x000000003fffffff] ACPI data
[    0.000000] BIOS-e820: [mem 0x00000000fec00000-0x00000000fec00fff] reserved
[    0.000000] BIOS-e820: [mem 0x00000000fee00000-0x00000000fee00fff] reserved
[    0.000000] BIOS-e820: [mem 0x00000000fffc0000-0x00000000ffffffff] reserved
[    0.000000] NX (Execute Disable) protection: active
[    0.000000] SMBIOS 2.5 present.
[    0.000000] DMI: innotek GmbH VirtualBox/VirtualBox, BIOS VirtualBox 12/01/2006
[    0.000000] Hypervisor detected: KVM
[    0.000000] e820: last_pfn = 0x3fff0 max_arch_pfn = 0x400000000
[    0.000000] MTRR: Disabled
[    0.000000] x86/PAT: MTRRs disabled, skipping PAT initialization too.
[    0.000000] CPU MTRRs all blank - virtualized system.
[    0.000000] x86/PAT: Configuration [0-7]: WB  WT  UC- UC  WB  WT  UC- UC  
[    0.000000] found SMP MP-table at [mem 0x0009fff0-0x0009ffff]
[    0.000000] Scanning 1 areas for low memory corruption
[    0.000000] RAMDISK: [mem 0x3580f000-0x36bfefff]
[    0.000000] ACPI: Early table checksum verification disabled
[    0.000000] ACPI: RSDP 0x00000000000E0000 000024 (v02 VBOX  )
[    0.000000] ACPI: XSDT 0x000000003FFF0030 00003C (v01 VBOX   VBOXXSDT 00000001 ASL  00000061)
[    0.000000] ACPI: FACP 0x000000003FFF00F0 0000F4 (v04 VBOX   VBOXFACP 00000001 ASL  00000061)
[    0.000000] ACPI: DSDT 0x000000003FFF0610 002353 (v02 VBOX   VBOXBIOS 00000002 INTL 20100528)
[    0.000000] ACPI: FACS 0x000000003FFF0200 000040
[    0.000000] ACPI: FACS 0x000000003FFF0200 000040
[    0.000000] ACPI: APIC 0x000000003FFF0240 00005C (v02 VBOX   VBOXAPIC 00000001 ASL  00000061)
[    0.000000] ACPI: SSDT 0x000000003FFF02A0 00036C (v01 VBOX   VBOXCPUT 00000002 INTL 20100528)
[    0.000000] ACPI: Reserving FACP table memory at [mem 0x3fff00f0-0x3fff01e3]
[    0.000000] ACPI: Reserving DSDT table memory at [mem 0x3fff0610-0x3fff2962]
[    0.000000] ACPI: Reserving FACS table memory at [mem 0x3fff0200-0x3fff023f]
[    0.000000] ACPI: Reserving FACS table memory at [mem 0x3fff0200-0x3fff023f]
[    0.000000] ACPI: Reserving APIC table memory at [mem 0x3fff0240-0x3fff029b]
[    0.000000] ACPI: Reserving SSDT table memory at [mem 0x3fff02a0-0x3fff060b]
[    0.000000] No NUMA configuration found
[    0.000000] Faking a node at [mem 0x0000000000000000-0x000000003ffeffff]
[    0.000000] NODE_DATA(0) allocated [mem 0x3ffc5000-0x3ffeffff]
[    0.000000] kvm-clock: cpu 0, msr 0:3ff44001, primary cpu clock
[    0.000000] kvm-clock: Using msrs 4b564d01 and 4b564d00
[    0.000000] kvm-clock: using sched offset of 4324880509 cycles
[    0.000000] clocksource: kvm-clock: mask: 0xffffffffffffffff max_cycles: 0x1cd42e4dffb, max_idle_ns: 881590591483 ns
[    0.000000] Zone ranges:
[    0.000000]   DMA      [mem 0x0000000000001000-0x0000000000ffffff]
[    0.000000]   DMA32    [mem 0x0000000001000000-0x000000003ffeffff]
[    0.000000]   Normal   empty
[    0.000000]   Device   empty
[    0.000000] Movable zone start for each node
[    0.000000] Early memory node ranges
[    0.000000]   node   0: [mem 0x0000000000001000-0x000000000009efff]
[    0.000000]   node   0: [mem 0x0000000000100000-0x000000003ffeffff]
[    0.000000] Reserved but unavailable: 104 pages
[    0.000000] Initmem setup node 0 [mem 0x0000000000001000-0x000000003ffeffff]
[    0.000000] ACPI: PM-Timer IO Port: 0x4008
[    0.000000] IOAPIC[0]: apic_id 2, version 32, address 0xfec00000, GSI 0-23
[    0.000000] ACPI: INT_SRC_OVR (bus 0 bus_irq 0 global_irq 2 dfl dfl)
[    0.000000] ACPI: INT_SRC_OVR (bus 0 bus_irq 9 global_irq 9 low level)
[    0.000000] Using ACPI (MADT) for SMP configuration information
[    0.000000] smpboot: Allowing 2 CPUs, 0 hotplug CPUs
[    0.000000] PM: Registered nosave memory: [mem 0x00000000-0x00000fff]
[    0.000000] PM: Registered nosave memory: [mem 0x0009f000-0x0009ffff]
[    0.000000] PM: Registered nosave memory: [mem 0x000a0000-0x000effff]
[    0.000000] PM: Registered nosave memory: [mem 0x000f0000-0x000fffff]
[    0.000000] e820: [mem 0x40000000-0xfebfffff] available for PCI devices
[    0.000000] Booting paravirtualized kernel on KVM
[    0.000000] clocksource: refined-jiffies: mask: 0xffffffff max_cycles: 0xffffffff, max_idle_ns: 7645519600211568 ns
[    0.000000] setup_percpu: NR_CPUS:8192 nr_cpumask_bits:2 nr_cpu_ids:2 nr_node_ids:1
[    0.000000] percpu: Embedded 50 pages/cpu s167936 r8192 d28672 u1048576
[    0.000000] PV qspinlock hash table entries: 256 (order: 0, 4096 bytes)
[    0.000000] Built 1 zonelists, mobility grouping on.  Total pages: 257913
[    0.000000] Policy zone: DMA32
[    0.000000] Kernel command line: BOOT_IMAGE=/boot/vmlinuz-4.15.0-200-generic root=LABEL=cloudimg-rootfs ro console=tty1 console=ttyS0
[    0.000000] Memory: 981764K/1048120K available (12300K kernel code, 2477K rwdata, 4320K rodata, 2472K init, 2720K bss, 66356K reserved, 0K cma-reserved)
[    0.000000] SLUB: HWalign=64, Order=0-3, MinObjects=0, CPUs=2, Nodes=1
[    0.000000] ftrace: allocating 39478 entries in 155 pages
[    0.004000] Hierarchical RCU implementation.
[    0.004000] 	RCU restricting CPUs from NR_CPUS=8192 to nr_cpu_ids=2.
[    0.004000] 	Tasks RCU enabled.
[    0.004000] RCU: Adjusting geometry for rcu_fanout_leaf=16, nr_cpu_ids=2
[    0.004000] NR_IRQS: 524544, nr_irqs: 440, preallocated irqs: 16
[    0.004000] random: crng init done
[    0.004000] Console: colour VGA+ 80x25
[    0.004000] console [tty1] enabled
[    0.004000] console [ttyS0] enabled
[    0.004000] ACPI: Core revision 20170831
[    0.004000] ACPI: 2 ACPI AML tables successfully acquired and loaded
[    0.004000] APIC: Switch to symmetric I/O mode setup
[    0.008000] ..TIMER: vector=0x30 apic1=0 pin1=2 apic2=-1 pin2=-1
[    0.008006] tsc: Detected 3393.688 MHz processor
[    0.012011] Calibrating delay loop (skipped) preset value.. 6787.37 BogoMIPS (lpj=13574752)
[    0.020006] pid_max: default: 32768 minimum: 301
[    0.024124] Security Framework initialized
[    0.028004] Yama: becoming mindful.
[    0.032130] AppArmor: AppArmor initialized
[    0.043210] Dentry cache hash table entries: 131072 (order: 8, 1048576 bytes)
[    0.051242] Inode-cache hash table entries: 65536 (order: 7, 524288 bytes)
[    0.052123] Mount-cache hash table entries: 2048 (order: 2, 16384 bytes)
[    0.056139] Mountpoint-cache hash table entries: 2048 (order: 2, 16384 bytes)
[    0.062769] Last level iTLB entries: 4KB 1024, 2MB 1024, 4MB 512
[    0.064008] Last level dTLB entries: 4KB 1536, 2MB 1536, 4MB 768, 1GB 0
[    0.068008] Spectre V1 : Mitigation: usercopy/swapgs barriers and __user pointer sanitization
[    0.072009] Spectre V2 : Mitigation: Retpolines
[    0.076003] Spectre V2 : Spectre v2 / SpectreRSB mitigation: Filling RSB on context switch
[    0.080208] Freeing SMP alternatives memory: 36K
[    0.202032] APIC calibration not consistent with PM-Timer: 103ms instead of 100ms
[    0.204000] APIC delta adjusted to PM-Timer: 6301091 (6528822)
[    0.204551] smpboot: CPU0: AMD Ryzen 5 2600 Six-Core Processor (family: 0x17, model: 0x8, stepping: 0x2)
[    0.212924] Performance Events: PMU not available due to virtualization, using software events only.
[    0.216200] Hierarchical SRCU implementation.
[    0.221047] NMI watchdog: Perf event create on CPU 0 failed with -2
[    0.228006] NMI watchdog: Perf NMI watchdog permanently disabled
[    0.236136] smp: Bringing up secondary CPUs ...
[    0.241193] x86: Booting SMP configuration:
[    0.244008] .... node  #0, CPUs:      #1
[    0.004000] kvm-clock: cpu 1, msr 0:3ff44041, secondary cpu clock
[    0.260000] TSC synchronization [CPU#0 -> CPU#1]:
[    0.260000] Measured 123184 cycles TSC warp between CPUs, turning off TSC clock.
[    0.260000] tsc: Marking TSC unstable due to check_tsc_sync_source failed
[    0.264149] smp: Brought up 1 node, 2 CPUs
[    0.268010] smpboot: Max logical packages: 1
[    0.272005] smpboot: Total of 2 processors activated (13574.75 BogoMIPS)
[    0.276529] devtmpfs: initialized
[    0.284212] x86/mm: Memory block size: 128MB
[    0.288243] evm: security.selinux
[    0.296010] evm: security.SMACK64
[    0.304003] evm: security.SMACK64EXEC
[    0.308006] evm: security.SMACK64TRANSMUTE
[    0.316005] evm: security.SMACK64MMAP
[    0.320003] evm: security.apparmor
[    0.328003] evm: security.ima
[    0.332008] evm: security.capability
[    0.340407] clocksource: jiffies: mask: 0xffffffff max_cycles: 0xffffffff, max_idle_ns: 7645041785100000 ns
[    0.356024] futex hash table entries: 512 (order: 3, 32768 bytes)
[    0.368429] pinctrl core: initialized pinctrl subsystem
[    0.376626] RTC time: 16:27:22, date: 06/15/23
[    0.388600] NET: Registered protocol family 16
[    0.396113] audit: initializing netlink subsys (disabled)
[    0.404176] audit: type=2000 audit(1686846447.830:1): state=initialized audit_enabled=0 res=1
[    0.408185] cpuidle: using governor ladder
[    0.412287] cpuidle: using governor menu
[    0.422556] ACPI: bus type PCI registered
[    0.428005] acpiphp: ACPI Hot Plug PCI Controller Driver version: 0.5
[    0.436798] PCI: Using configuration type 1 for base access
[    0.444003] PCI: Using configuration type 1 for extended access
[    0.456579] HugeTLB registered 2.00 MiB page size, pre-allocated 0 pages
[    0.472509] ACPI: Added _OSI(Module Device)
[    0.476004] ACPI: Added _OSI(Processor Device)
[    0.480009] ACPI: Added _OSI(3.0 _SCP Extensions)
[    0.484004] ACPI: Added _OSI(Processor Aggregator Device)
[    0.488008] ACPI: Added _OSI(Linux-Dell-Video)
[    0.492004] ACPI: Added _OSI(Linux-Lenovo-NV-HDMI-Audio)
[    0.496004] ACPI: Added _OSI(Linux-HPI-Hybrid-Graphics)
[    0.501435] ACPI: Executed 1 blocks of module-level executable AML code
[    0.510554] ACPI: Interpreter enabled
[    0.512019] ACPI: (supports S0 S5)
[    0.516007] ACPI: Using IOAPIC for interrupt routing
[    0.520563] PCI: Using host bridge windows from ACPI; if necessary, use "pci=nocrs" and report a bug
[    0.524360] ACPI: Enabled 2 GPEs in block 00 to 07
[    0.546662] ACPI: PCI Root Bridge [PCI0] (domain 0000 [bus 00-ff])
[    0.548020] acpi PNP0A03:00: _OSC: OS supports [ExtendedConfig ASPM ClockPM Segments MSI]
[    0.557931] acpi PNP0A03:00: _OSC: platform does not support [PCIeCapability]
[    0.561044] acpi PNP0A03:00: _OSC: not requesting control; platform does not support [PCIeCapability]
[    0.564009] acpi PNP0A03:00: _OSC: OS requested [PCIeHotplug PME AER PCIeCapability]
[    0.568005] acpi PNP0A03:00: _OSC: platform willing to grant [PCIeHotplug PME AER]
[    0.572009] acpi PNP0A03:00: _OSC failed (AE_SUPPORT); disabling ASPM
[    0.577389] PCI host bridge to bus 0000:00
[    0.580012] pci_bus 0000:00: root bus resource [io  0x0000-0x0cf7 window]
[    0.584010] pci_bus 0000:00: root bus resource [io  0x0d00-0xffff window]
[    0.588010] pci_bus 0000:00: root bus resource [mem 0x000a0000-0x000bffff window]
[    0.592006] pci_bus 0000:00: root bus resource [mem 0x40000000-0xfdffffff window]
[    0.596009] pci_bus 0000:00: root bus resource [bus 00-ff]
[    0.611627] pci 0000:00:01.1: legacy IDE quirk: reg 0x10: [io  0x01f0-0x01f7]
[    0.612011] pci 0000:00:01.1: legacy IDE quirk: reg 0x14: [io  0x03f6]
[    0.616011] pci 0000:00:01.1: legacy IDE quirk: reg 0x18: [io  0x0170-0x0177]
[    0.620010] pci 0000:00:01.1: legacy IDE quirk: reg 0x1c: [io  0x0376]
[    0.653530] pci 0000:00:07.0: quirk: [io  0x4000-0x403f] claimed by PIIX4 ACPI
[    0.656054] pci 0000:00:07.0: quirk: [io  0x4100-0x410f] claimed by PIIX4 SMB
[    0.678045] ACPI: PCI Interrupt Link [LNKA] (IRQs 5 9 10 *11)
[    0.680801] ACPI: PCI Interrupt Link [LNKB] (IRQs 5 9 *10 11)
[    0.684331] ACPI: PCI Interrupt Link [LNKC] (IRQs 5 *9 10 11)
[    0.688315] ACPI: PCI Interrupt Link [LNKD] (IRQs 5 9 10 *11)
[    0.693179] SCSI subsystem initialized
[    0.696412] pci 0000:00:02.0: vgaarb: setting as boot VGA device
[    0.700000] pci 0000:00:02.0: vgaarb: VGA device added: decodes=io+mem,owns=io+mem,locks=none
[    0.700011] pci 0000:00:02.0: vgaarb: bridge control possible
[    0.704006] vgaarb: loaded
[    0.708044] ACPI: bus type USB registered
[    0.712074] usbcore: registered new interface driver usbfs
[    0.716013] usbcore: registered new interface driver hub
[    0.720028] usbcore: registered new device driver usb
[    0.728005] EDAC MC: Ver: 3.0.0
[    0.736511] PCI: Using ACPI for IRQ routing
[    0.745126] NetLabel: Initializing
[    0.752003] NetLabel:  domain hash size = 128
[    0.760003] NetLabel:  protocols = UNLABELED CIPSOv4 CALIPSO
[    0.768021] NetLabel:  unlabeled traffic allowed by default
[    0.780536] clocksource: Switched to clocksource kvm-clock
[    0.811447] VFS: Disk quotas dquot_6.6.0
[    0.811447] VFS: Dquot-cache hash table entries: 512 (order 0, 4096 bytes)
[    0.811447] AppArmor: AppArmor Filesystem Enabled
[    0.811447] pnp: PnP ACPI init
[    0.811447] pnp: PnP ACPI: found 3 devices
[    0.936459] clocksource: acpi_pm: mask: 0xffffff max_cycles: 0xffffff, max_idle_ns: 2085701024 ns
[    0.940388] NET: Registered protocol family 2
[    0.940388] IP idents hash table entries: 16384 (order: 5, 131072 bytes)
[    0.962537] TCP established hash table entries: 8192 (order: 4, 65536 bytes)
[    0.965795] TCP bind hash table entries: 8192 (order: 5, 131072 bytes)
[    0.965795] TCP: Hash tables configured (established 8192 bind 8192)
[    0.965795] UDP hash table entries: 512 (order: 2, 16384 bytes)
[    0.965795] UDP-Lite hash table entries: 512 (order: 2, 16384 bytes)
[    0.965795] NET: Registered protocol family 1
[    0.965795] pci 0000:00:00.0: Limiting direct PCI/PCI transfers
[    0.965795] pci 0000:00:01.0: Activating ISA DMA hang workarounds
[    0.965795] pci 0000:00:02.0: Video device with shadowed ROM at [mem 0x000c0000-0x000dffff]
[    0.965795] Unpacking initramfs...
[    1.601404] Freeing initrd memory: 20416K
[    1.717214] clocksource: tsc: mask: 0xffffffffffffffff max_cycles: 0x30eb04365ec, max_idle_ns: 440795351951 ns
[    1.738272] platform rtc_cmos: registered platform RTC device (no PNP device found)
[    1.752282] Scanning for low memory corruption every 60 seconds
[    1.763261] Initialise system trusted keyrings
[    1.769298] Key type blacklist registered
[    1.776654] workingset: timestamp_bits=36 max_order=18 bucket_order=0
[    1.788332] zbud: loaded
[    1.794732] squashfs: version 4.0 (2009/01/31) Phillip Lougher
[    1.803667] fuse init (API version 7.26)
[    1.856576] Key type asymmetric registered
[    1.862313] Asymmetric key parser 'x509' registered
[    1.868629] Block layer SCSI generic (bsg) driver version 0.4 loaded (major 246)
[    1.879318] io scheduler noop registered
[    1.884370] io scheduler deadline registered
[    1.890693] io scheduler cfq registered (default)
[    1.898063] ACPI: AC Adapter [AC] (on-line)
[    1.903380] input: Power Button as /devices/LNXSYSTM:00/LNXPWRBN:00/input/input0
[    1.913078] ACPI: Power Button [PWRF]
[    1.918155] input: Sleep Button as /devices/LNXSYSTM:00/LNXSLPBN:00/input/input1
[    1.927278] ACPI: Sleep Button [SLPF]
[    1.933583] Serial: 8250/16550 driver, 32 ports, IRQ sharing enabled
[    1.977447] 00:02: ttyS0 at I/O 0x3f8 (irq = 4, base_baud = 115200) is a 16550A
[    2.010529] Linux agpgart interface v0.103
[    2.025692] loop: module loaded
[    2.033152] scsi host0: ata_piix
[    2.038434] scsi host1: ata_piix
[    2.043956] ata1: PATA max UDMA/33 cmd 0x1f0 ctl 0x3f6 bmdma 0xd000 irq 14
[    2.052788] ata2: PATA max UDMA/33 cmd 0x170 ctl 0x376 bmdma 0xd008 irq 15
[    2.062257] tun: Universal TUN/TAP device driver, 1.6
[    2.069922] PPP generic driver version 2.4.2
[    2.076853] ehci_hcd: USB 2.0 'Enhanced' Host Controller (EHCI) Driver
[    2.085153] ehci-pci: EHCI PCI platform driver
[    2.091495] ehci-platform: EHCI generic platform driver
[    2.098369] ohci_hcd: USB 1.1 'Open' Host Controller (OHCI) Driver
[    2.106370] ohci-pci: OHCI PCI platform driver
[    2.112726] ohci-platform: OHCI generic platform driver
[    2.119432] uhci_hcd: USB Universal Host Controller Interface driver
[    2.128016] i8042: PNP: PS/2 Controller [PNP0303:PS2K,PNP0f03:PS2M] at 0x60,0x64 irq 1,12
[    2.142545] serio: i8042 KBD port at 0x60,0x64 irq 1
[    2.148865] serio: i8042 AUX port at 0x60,0x64 irq 12
[    2.156328] mousedev: PS/2 mouse device common for all mice
[    2.168295] rtc_cmos rtc_cmos: rtc core: registered rtc_cmos as rtc0
[    2.178386] rtc_cmos rtc_cmos: alarms up to one day, 114 bytes nvram
[    2.178610] input: AT Translated Set 2 keyboard as /devices/platform/i8042/serio0/input/input2
[    2.187378] i2c /dev entries driver
[    2.202988] device-mapper: uevent: version 1.0.3
[    2.209760] device-mapper: ioctl: 4.37.0-ioctl (2017-09-20) initialised: dm-devel@redhat.com
[    2.221507] ledtrig-cpu: registered to indicate activity on CPUs
[    2.260837] NET: Registered protocol family 10
[    2.274112] Segment Routing with IPv6
[    2.279860] NET: Registered protocol family 17
[    2.286564] Key type dns_resolver registered
[    2.297603] mce: Using 0 MCE banks
[    2.302245] RAS: Correctable Errors collector initialized.
[    2.309417] sched_clock: Marking stable (2309313239, 0)->(3429286095, -1119972856)
[    2.323584] registered taskstats version 1
[    2.329126] Loading compiled-in X.509 certificates
[    2.341751] Loaded X.509 cert 'Build time autogenerated kernel key: 29e5beaa583364da097e68c9386761f80dbce7ef'
[    2.354780] Loaded X.509 cert 'Canonical Ltd. Live Patch Signing: 14df34d1a87cf37625abec039ef2bf521249b969'
[    2.367887] Loaded X.509 cert 'Canonical Ltd. Kernel Module Signing: 88f752e560a1e0737e31163a466ad7b70a850c19'
[    2.380524] blacklist: Loading compiled-in revocation X.509 certificates
[    2.389288] Loaded X.509 cert 'Canonical Ltd. Secure Boot Signing: 61482aa2830d0ab2ad5af10b7250da9033ddcef0'
[    2.402153] zswap: loaded using pool lzo/zbud
[    2.422999] Key type big_key registered
[    2.429383] Key type trusted registered
[    2.439787] Key type encrypted registered
[    2.445609] AppArmor: AppArmor sha1 policy hashing enabled
[    2.452928] ima: No TPM chip found, activating TPM-bypass! (rc=-19)
[    2.461778] ima: Allocated hash algorithm: sha1
[    2.467938] evm: HMAC attrs: 0x1
[    2.473822]   Magic number: 11:749:489
[    2.480287] rtc_cmos rtc_cmos: setting system clock to 2023-06-15 16:27:24 UTC (1686846444)
[    2.491809] BIOS EDD facility v0.16 2004-Jun-25, 0 devices found
[    2.499609] EDD information not available.
[    2.509775] Freeing unused kernel image memory: 2472K
[    2.540156] Write protecting the kernel read-only data: 20480k
[    2.549366] Freeing unused kernel image memory: 2008K
[    2.556315] Freeing unused kernel image memory: 1824K
[    2.571345] x86/mm: Checked W+X mappings: passed, no W+X pages found.
Loading, please wait...
starting version 237
[    2.698781] Fusion MPT base driver 3.04.20
[    2.705514] Copyright (c) 1999-2008 LSI Corporation
[    2.705528] e1000: Intel(R) PRO/1000 Network Driver - version 7.3.21-k8-NAPI
[    2.721829] e1000: Copyright (c) 1999-2006 Intel Corporation.
[    2.814833] Fusion MPT SPI Host driver 3.04.20
[    2.833928] SSE version of gcm_enc/dec engaged.
[    2.843472] vboxvideo: loading out-of-tree module taints kernel.
[    2.854829] vboxvideo: module verification failed: signature and/or required key missing - tainting kernel
[    2.874903] vboxvideo: loading version 7.0.8 r156879
[    3.044792] input: ImExPS/2 Generic Explorer Mouse as /devices/platform/i8042/serio1/input/input4
[    3.761953] e1000 0000:00:03.0 eth0: (PCI:33MHz:32-bit) 02:0b:d2:67:80:32
[    3.769739] e1000 0000:00:03.0 eth0: Intel(R) PRO/1000 Network Connection
[    4.527052] e1000 0000:00:08.0 eth1: (PCI:33MHz:32-bit) 08:00:27:b6:e2:1b
[    4.535315] e1000 0000:00:08.0 eth1: Intel(R) PRO/1000 Network Connection
[    4.546873] mptbase: ioc0: Initiating bringup
[    4.548378] e1000 0000:00:08.0 enp0s8: renamed from eth1
[    4.593947] e1000 0000:00:03.0 enp0s3: renamed from eth0
[    4.686963] ioc0: LSI53C1030 A0: Capabilities={Initiator}
[    6.430584] scsi host2: ioc0: LSI53C1030 A0, FwRev=00000000h, Ports=1, MaxQ=256, IRQ=20
[    6.810642] scsi 2:0:0:0: Direct-Access     VBOX     HARDDISK         1.0  PQ: 0 ANSI: 5
[    6.812418] [drm] VRAM 01000000
[    6.826305] [TTM] Zone  kernel: Available graphics memory: 504260 kiB
[    6.833915] [TTM] Initializing pool allocator
[    6.839618] [TTM] Initializing DMA pool allocator
[    6.883483] fbcon: vboxdrmfb (fb0) is primary device
[    6.888599] scsi target2:0:0: Beginning Domain Validation
[    6.937541] Console: switching to colour frame buffer device 100x37
[    6.941623] scsi target2:0:0: Domain Validation skipping write tests
[    6.941624] scsi target2:0:0: Ending Domain Validation
[    6.942030] scsi target2:0:0: asynchronous
[    6.943993] scsi 2:0:1:0: Direct-Access     VBOX     HARDDISK         1.0  PQ: 0 ANSI: 5
[    7.009378] scsi target2:0:1: Beginning Domain Validation
[    7.010943] vboxvideo 0000:00:02.0: fb0: vboxdrmfb frame buffer device
[    7.034642] scsi target2:0:1: Domain Validation skipping write tests
[    7.039731] scsi target2:0:1: Ending Domain Validation
[    7.044707] scsi target2:0:1: asynchronous
[    7.053124] [drm] Initialized vboxvideo 1.0.0 20130823 for 0000:00:02.0 on minor 0
[    7.062163] sd 2:0:0:0: [sda] 83886080 512-byte logical blocks: (42.9 GB/40.0 GiB)
[    7.070117] sd 2:0:0:0: Attached scsi generic sg0 type 0
[    7.086417] sd 2:0:0:0: [sda] Write Protect is off
[    7.101104] sd 2:0:1:0: Attached scsi generic sg1 type 0
[    7.132733] sd 2:0:0:0: [sda] Incomplete mode parameter data
[    7.149344] sd 2:0:0:0: [sda] Assuming drive cache: write through
[    7.166702] sd 2:0:1:0: [sdb] 20480 512-byte logical blocks: (10.5 MB/10.0 MiB)
[    7.186676] sd 2:0:1:0: [sdb] Write Protect is off
[    7.190276]  sda: sda1
[    7.223292] sd 2:0:1:0: [sdb] Incomplete mode parameter data
[    7.226235] sd 2:0:0:0: [sda] Attached SCSI disk
[    7.243679] sd 2:0:1:0: [sdb] Assuming drive cache: write through
[    7.294155] sd 2:0:1:0: [sdb] Attached SCSI disk
Begin: Loading essential drivers ... [    8.599482] raid6: sse2x1   gen() 171708 MB/s
[   10.599445] raid6: sse2x1   xor() 152824 MB/s
[   12.598398] raid6: sse2x2   gen() 326422 MB/s
[   12.679689] raid6: sse2x2   xor()  9320 MB/s
[   12.762207] raid6: sse2x4   gen() 16635 MB/s
[   13.598477] raid6: sse2x4   xor() 142168 MB/s
[   13.598479] raid6: using algorithm sse2x2 gen() 326422 MB/s
[   13.598480] raid6: .... xor() 9320 MB/s, rmw enabled
[   13.598481] raid6: using ssse3x2 recovery algorithm
[   13.690183] xor: measuring software checksum speed
[   13.813744]    prefetch64-sse: 32867.000 MB/sec
[   13.937389]    generic_sse: 31174.000 MB/sec
[   13.959314] xor: using function: prefetch64-sse (32867.000 MB/sec)
[   13.985257] async_tx: api initialized (async)
done.
Begin: Running /scripts/init-premount ... done.
Begin: Mounting root file system ... Begin: Running /scripts/local-top ... done.
Begin: Running /scripts/local-premount ... [   14.090683] Btrfs loaded, crc32c=crc32c-intel
Scanning for Btrfs filesystems
done.
Begin: Will now check root file system ... fsck from util-linux 2.31.1
[/sbin/fsck.ext4 (1) -- /dev/sda1] fsck.ext4 -a -C0 /dev/sda1 
cloudimg-rootfs: clean, 80726/5120000 files, 1148775/10485499 blocks
done.
[   14.220796] EXT4-fs (sda1): mounted filesystem with ordered data mode. Opts: (null)
done.
Begin: Running /scripts/local-bottom ... done.
Begin: Running /scripts/init-bottom ... done.
[   14.637322] ip_tables: (C) 2000-2006 Netfilter Core Team
[   14.684287] systemd[1]: systemd 237 running in system mode. (+PAM +AUDIT +SELINUX +IMA +APPARMOR +SMACK +SYSVINIT +UTMP +LIBCRYPTSETUP +GCRYPT +GNUTLS +ACL +XZ +LZ4 +SECCOMP +BLKID +ELFUTILS +KMOD -IDN2 +IDN -PCRE2 default-hierarchy=hybrid)
[   14.764945] systemd[1]: Detected virtualization oracle.
[   14.789528] systemd[1]: Detected architecture x86-64.

Welcome to [1mUbuntu 18.04.6 LTS[0m!

[   14.855190] systemd[1]: Set hostname to <ubuntu-bionic>.
[   15.404806] systemd[1]: Reached target User and Group Name Lookups.
[[0;32m  OK  [0m] Reached target User and Group Name Lookups.
[   15.432942] systemd[1]: Started Forward Password Requests to Wall Directory Watch.
[[0;32m  OK  [0m] Started Forward Password Requests to Wall Directory Watch.
[   15.478398] systemd[1]: Created slice User and Session Slice.
[[0;32m  OK  [0m] Created slice User and Session Slice.
[   15.505786] systemd[1]: Reached target System Time Synchronized.
[[0;32m  OK  [0m] Reached target System Time Synchronized.
[   15.533802] systemd[1]: Reached target Mounting snaps.
[[0;32m  OK  [0m] Reached target Mounting snaps.
[   15.564426] systemd[1]: Created slice System Slice.
[[0;32m  OK  [0m] Created slice System Slice.
[[0;32m  OK  [0m] Reached target Slices.
[[0;32m  OK  [0m] Listening on /dev/initctl Compatibility Named Pipe.
[[0;32m  OK  [0m] Listening on Device-mapper event daemon FIFOs.
[[0;32m  OK  [0m] Listening on Network Service Netlink Socket.
[[0;32m  OK  [0m] Created slice system-serial\x2dgetty.slice.
[[0;32m  OK  [0m] Listening on LVM2 metadata daemon socket.
[[0;32m  OK  [0m] Listening on udev Control Socket.
[[0;32m  OK  [0m] Listening on Syslog Socket.
[[0;32m  OK  [0m] Set up automount Arbitrary Executab…rmats File System Automount Point.
[[0;32m  OK  [0m] Reached target Swap.
[[0;32m  OK  [0m] Reached target Mounted snaps.
[[0;32m  OK  [0m] Listening on Journal Socket.
         Mounting Kernel Debug File System...
         Starting Load Kernel Modules...
         Starting Monitoring of LVM2 mirrors…ng dmeventd or progress polling...
         Starting Set the console keyboard layout...
         Starting Uncomplicated firewall...
         Mounting POSIX Message Queue File System...
         Mounting Huge Pages File System...
[[0;32m  OK  [0m] Listening on Journal Socket (/dev/log).
[[   15.891641] bridge: filtering via arp/ip/ip6tables is no longer available by default. Update your scripts to load br_netfilter if you need this.
[0;32m  OK  [0m] Listening on udev Kernel Socket.
         Starting udev Coldplug all Devices...
[[0;32m  OK  [0m] Listening on fsck to fsckd communication Socket.
         Starting Remount Root and Kernel File Systems...
         Starting Create list of required st…ce nodes for the current kernel...
[   15.970466] Bridge firewalling registered
[[0;32m  OK  [0m] Listening on Journal Audit Socket.
         Starting Journal Service...
[[0;32m  OK  [0m] Listening on LVM2 poll daemon socket.
[[   16.033354] EXT4-fs (sda1): re-mounted. Opts: (null)
[0;32m  OK  [0m] Mounted Kernel Debug File System.
[[0;32m  OK  [0m] Started Uncomplicated firewall.[   16.067899] Loading iSCSI transport class v2.0-870.

[[0;32m  OK  [0m] Mounted POSIX Message Queue File System.
[[0;32m  OK  [0m] Mounted Huge Pages File System.
[[0;32m  OK  [0m] Started Remount Root and Kernel File Systems.
[[0;32m  OK  [0m] Started Create list of required sta…vice nodes for the current kernel.
[[0;32m  OK  [0m] Started LVM2 metadata daemon.
         Starting Create Static Device Nodes in /dev...
         Starting Load/Save Random Seed...
[[0;32m  OK  [0m] Started Journal Service.
         Starting Flush Journal to Persistent Storage...
[[0;32m  OK  [0m] Started udev Coldplug all Devices.
[   16.202506] iscsi: registered transport (tcp)
[[0;32m  OK  [0m] Started Load/Save Random Seed.
[[0;32m  OK  [0m] Started Monitoring of LVM2 mirrors,…sing dmeventd or progress polling.
[   16.266980] systemd-journald[414]: Received request to flush runtime journal from PID 1
[[0;32m  OK  [0m] Started Create Static Device Nodes in /dev.
         Starting udev Kernel Device Manager...
[   16.370718] iscsi: registered transport (iser)
[[0;32m  OK  [0m] Started Set the console keyboard layout.
[[0;32m  OK  [0m] Started Load Kernel Modules.
         Mounting FUSE Control File System...
         Mounting Kernel Configuration File System...
         Starting Apply Kernel Variables...
[[0;32m  OK  [0m] Reached target Local File Systems (Pre).
[[0;32m  OK  [0m] Reached target Local File Systems.
         Starting Set console font and keymap...
         Starting AppArmor initialization...
         Starting Tell Plymouth To Write Out Runtime Data...
         Starting ebtables ruleset management...
[[0;32m  OK  [0m] Mounted FUSE Control File System.
[[0;32m  OK  [0m] Mounted Kernel Configuration File System.
[[0;32m  OK  [0m] Started udev Kernel Device Manager.
[[0;32m  OK  [0m] Started Dispatch Password Requests to Console Directory Watch.
[[0;32m  OK  [0m] Reached target Local Encrypted Volumes.
[[0;32m  OK  [0m] Started Set console font and keymap.
[[0;32m  OK  [0m] Started Flush Journal to Persistent Storage.
         Starting Create Volatile Files and Directories...
[[0;32m  OK  [0m] Started Tell Plymouth To Write Out Runtime Data.
[[0;32m  OK  [0m] Started Apply Kernel Variables.
[[0;32m  OK  [0m] Started Create Volatile Files and Directories.
         Starting Update UTMP about System Boot/Shutdown...
[[0;32m  OK  [0m] Started Update UTMP about System Boot/Shutdown.
[[0;32m  OK  [0m] Started ebtables ruleset management.
[[0;32m  OK  [0m] Found device /dev/ttyS0.
[[0;32m  OK  [0m] Listening on Load/Save RF Kill Switch Status /dev/rfkill Watch.
[[0;32m  OK  [0m] Started AppArmor initialization.
         Starting Load AppArmor profiles managed internally by snapd...
         Starting Initial cloud-init job (pre-networking)...
         Mounting Arbitrary Executable File Formats File System...
[[0;32m  OK  [0m] Mounted Arbitrary Executable File Formats File System.
[[0;32m  OK  [0m] Started Load AppArmor profiles managed internally by snapd.
[   19.688749] cloud-init[565]: Cloud-init v. 23.1.2-0ubuntu0~18.04.1 running 'init-local' at Thu, 15 Jun 2023 16:27:41 +0000. Up 19.43 seconds.
[[0;32m  OK  [0m] Started Initial cloud-init job (pre-networking).
[[0;32m  OK  [0m] Reached target Network (Pre).
         Starting Network Service...
[[0;32m  OK  [0m] Started Network Service.
         Starting Network Name Resolution...
         Starting Wait for Network to be Configured...
[[0;32m  OK  [0m] Started Network Name Resolution.
[[0;32m  OK  [0m] Reached target Host and Network Name Lookups.
[[0;32m  OK  [0m] Reached target Network.
[[0;32m  OK  [0m] Started Wait for Network to be Configured.
         Starting Initial cloud-init job (metadata service crawler)...
[   23.030068] cloud-init[714]: Cloud-init v. 23.1.2-0ubuntu0~18.04.1 running 'init' at Thu, 15 Jun 2023 16:27:44 +0000. Up 22.86 seconds.
[   23.036386] cloud-init[714]: ci-info: ++++++++++++++++++++++++++++++++++++++Net device info+++++++++++++++++++++++++++++++++++++++
[   23.043367] cloud-init[714]: ci-info: +--------+------+-----------------------------+---------------+--------+-------------------+
[   23.048928] cloud-init[714]: ci-info: | Device |  Up  |           Address           |      Mask     | Scope  |     Hw-Address    |
[   23.054620] cloud-init[714]: ci-info: +--------+------+-----------------------------+---------------+--------+-------------------+
[   23.060804] cloud-init[714]: ci-info: | enp0s3 | True |          10.0.2.15          | 255.255.255.0 | global | 02:0b:d2:67:80:32 |
[   23.066429] cloud-init[714]: ci-info: | enp0s3 | True |  fe80::b:d2ff:fe67:8032/64  |       .       |  link  | 02:0b:d2:67:80:32 |
[   23.072864] cloud-init[714]: ci-info: | enp0s8 | True |        192.168.100.31       | 255.255.255.0 | global | 08:00:27:b6:e2:1b |
[   23.078879] cloud-init[714]: ci-info: | enp0s8 | True | fe80::a00:27ff:feb6:e21b/64 |       .       |  link  | 08:00:27:b6:e2:1b |
[   23.084638] cloud-init[714]: ci-info: |   lo   | True |          127.0.0.1          |   255.0.0.0   |  host  |         .         |
[   23.090986] cloud-init[714]: ci-info: |   lo   | True |           ::1/128           |       .       |  host  |         .         |
[   23.096728] cloud-init[714]: ci-info: +--------+------+-----------------------------+---------------+--------+-------------------+
[   23.102068] cloud-init[714]: ci-info: ++++++++++++++++++++++++++++++++Route IPv4 info++++++++++++++++++++++++++++++++
[   23.107286] cloud-init[714]: ci-info: +-------+---------------+---------------+-----------------+-----------+-------+
[   23.112843] cloud-init[714]: ci-info: | Route |  Destination  |    Gateway    |     Genmask     | Interface | Flags |
[   23.117841] cloud-init[714]: ci-info: +-------+---------------+---------------+-----------------+-----------+-------+
[   23.123647] cloud-init[714]: ci-info: |   0   |    0.0.0.0    |    10.0.2.2   |     0.0.0.0     |   enp0s3  |   UG  |
[   23.129203] cloud-init[714]: ci-info: |   1   |    0.0.0.0    | 192.168.100.1 |     0.0.0.0     |   enp0s8  |   UG  |
[   23.134171] cloud-init[714]: ci-info: |   2   |    10.0.2.0   |    0.0.0.0    |  255.255.255.0  |   enp0s3  |   U   |
[   23.139774] cloud-init[714]: ci-info: |   3   |    10.0.2.2   |    0.0.0.0    | 255.255.255.255 |   enp0s3  |   UH  |
[   23.145645] cloud-init[714]: ci-info: |   4   | 192.168.100.0 |    0.0.0.0    |  255.255.255.0  |   enp0s8  |   U   |
[   23.150596] cloud-init[714]: ci-info: |   5   | 192.168.100.1 |    0.0.0.0    | 255.255.255.255 |   enp0s8  |   UH  |
[   23.156283] cloud-init[714]: ci-info: +-------+---------------+---------------+-----------------+-----------+-------+
[   23.161693] cloud-init[714]: ci-info: +++++++++++++++++++Route IPv6 info+++++++++++++++++++
[   23.165691] cloud-init[714]: ci-info: +-------+-------------+---------+-----------+-------+
[   23.169698] cloud-init[714]: ci-info: | Route | Destination | Gateway | Interface | Flags |
[   23.173799] cloud-init[714]: ci-info: +-------+-------------+---------+-----------+-------+
[   23.178018] cloud-init[714]: ci-info: |   1   |  fe80::/64  |    ::   |   enp0s8  |   U   |
[   23.181997] cloud-init[714]: ci-info: |   2   |  fe80::/64  |    ::   |   enp0s3  |   U   |
[   23.186014] cloud-init[714]: ci-info: |   4   |    local    |    ::   |   enp0s3  |   U   |
[   23.190032] cloud-init[714]: ci-info: |   5   |    local    |    ::   |   enp0s8  |   U   |
[   23.194227] cloud-init[714]: ci-info: |   6   |   ff00::/8  |    ::   |   enp0s8  |   U   |
[   23.198248] cloud-init[714]: ci-info: |   7   |   ff00::/8  |    ::   |   enp0s3  |   U   |
[   23.202295] cloud-init[714]: ci-info: +-------+-------------+---------+-----------+-------+
[[0;32m  OK  [0m] Started Initial cloud-init job (metadata service crawler).
[[0;32m  OK  [0m] Reached target Network is Online.
[[0;32m  OK  [0m] Reached target Remote File Systems (Pre).
         Mounting /vagrant...
         Starting Availability of block devices...
[[0;32m  OK  [0m] Reached target Cloud-config availability.
[[0;32m  OK  [0m] Reached target System Initialization.
         Starting Socket activation for snappy daemon.
         Starting LXD - unix socket.
[[0;32m  OK  [0m] Listening on UUID daemon activation socket.
[[0;32m  OK  [0m] Listening on D-Bus System Message Bus Socket.
[[0;32m  OK  [0m] Listening on cloud-init hotplug hook socket.
[[0;32m  OK  [0m] Started ACPI Events Check.
[[0;32m  OK  [0m] Reached target Paths.
[[0;32m  OK  [0m] Started Ubuntu Advantage Timer for running repeated jobs.
[[0;32m  OK  [0m] Listening on Open-iSCSI iscsid Socket.
[[0;32m  OK  [0m] Listening on ACPID Listen Socket.
[[0;32m  OK  [0m] Started Daily apt download activities.
[[0;32m  OK  [0m] Started Daily apt upgrade and clean activities.
[[0;32m  OK  [0m] Started Daily Cleanup of Temporary Directories.
[[0;32m  OK  [0m] Started Message of the Day.
[[0;32m  OK  [0m] Started Discard unused blocks once a week.
[[0;32m  OK  [0m] Reached target Timers.
[[0;1;31mFAILED[0m] Failed to mount /vagrant.
See 'systemctl status vagrant.mount' for details.
[[0;1;33mDEPEND[0m] Dependency failed for Remote File Systems.
[[0;32m  OK  [0m] Started Availability of block devices.
[[0;32m  OK  [0m] Listening on Socket activation for snappy daemon.
[[0;32m  OK  [0m] Listening on LXD - unix socket.
[[0;32m  OK  [0m] Reached target Sockets.
[[0;32m  OK  [0m] Reached target Basic System.
         Starting Accounts Service...
[[0;32m  OK  [0m] Started Deferred execution scheduler.
         Starting LXD - container startup/shutdown...
         Starting System Logging Service...
         Starting vboxadd.service...
         Starting OpenBSD Secure Shell server...
[[0;32m  OK  [0m] Started D-Bus System Message Bus.
         Starting Dispatcher daemon for systemd-networkd...
[[0;32m  OK  [0m] Started FUSE filesystem for LXC.
         Starting Login Service...
[[0;32m  OK  [0m] Started kubelet: The Kubernetes Node Agent.
[[0;32m  OK  [0m] Reached target Login Prompts (Pre).
[[0;32m  OK  [0m] Started Regular background program processing daemon.
[[0;32m  OK  [0m] Started irqbalance daemon.
         Starting Snap Daemon...
         Starting LSB: Record successful boot for GRUB...
         Starting Permit User Sessions...
         Starting LSB: automatic crash report generation...
[[0;32m  OK  [0m] Started System Logging Service.
[[0;32m  OK  [0m] Started LXD - container startup/shutdown.
[[0;32m  OK  [0m] Started OpenBSD Secure Shell server.
[[0;32m  OK  [0m] Started Permit User Sessions.
[[0;32m  OK  [0m] Started Login Service.
[[0;32m  OK  [0m] Started Unattended Upgrades Shutdown.
         Starting Terminate Plymouth Boot Screen...
         Starting Hold until boot process finishes up...
         Starting Authorization Manager...
[[0;32m  OK  [0m] Started Hold until boot process finishes up.
[[0;32m  OK  [0m] Started Terminate Plymouth Boot Screen.
         Starting Set console scheme...
[[0;32m  OK  [0m] Started Serial Getty on ttyS0.
[[0;32m  OK  [0m] Started Authorization Manager.
[[0;32m  OK  [0m] Started Accounts Service.
[[0;32m  OK  [0m] Started Set console scheme.
[[0;32m  OK  [0m] Created slice system-getty.slice.
[[0;32m  OK  [0m] Started Getty on tty1.
[[0;32m  OK  [0m] Reached target Login Prompts.
[[0;32m  OK  [0m] Started vboxadd.service.
         Starting vboxadd-service.service...
[[0;32m  OK  [0m] Started LSB: automatic crash report generation.
[[0;32m  OK  [0m] Started LSB: Record successful boot for GRUB.
[[0;32m  OK  [0m] Started vboxadd-service.service.
[[0;32m  OK  [0m] Created slice User Slice of vagrant.
[[0;32m  OK  [0m] Started Dispatcher daemon for systemd-networkd.
[[0;32m  OK  [0m] Started Session 1 of user vagrant.
         Starting User Manager for UID 1000...
[[0;32m  OK  [0m] Started User Manager for UID 1000.
[[0;32m  OK  [0m] Started Snap Daemon.
         Starting Wait until snapd is fully seeded...
         Starting Time & Date Service...
[[0;32m  OK  [0m] Started Time & Date Service.
[[0;32m  OK  [0m] Started Wait until snapd is fully seeded.
         Starting Apply the settings specified in cloud-config...
[   28.198955] cloud-init[1332]: Cloud-init v. 23.1.2-0ubuntu0~18.04.1 running 'modules:config' at Thu, 15 Jun 2023 16:27:50 +0000. Up 28.03 seconds.
[[0;32m  OK  [0m] Started Apply the settings specified in cloud-config.
[[0;32m  OK  [0m] Reached target Multi-User System.
[[0;32m  OK  [0m] Reached target Graphical Interface.
         Starting Update UTMP about System Runlevel Changes...
         Starting Execute cloud user/final scripts...
[[0;32m  OK  [0m] Started Update UTMP about System Runlevel Changes.
[   28.986495] cloud-init[1445]: Cloud-init v. 23.1.2-0ubuntu0~18.04.1 running 'modules:final' at Thu, 15 Jun 2023 16:27:50 +0000. Up 28.81 seconds.
[   28.994309] cloud-init[1445]: Cloud-init v. 23.1.2-0ubuntu0~18.04.1 finished at Thu, 15 Jun 2023 16:27:50 +0000. Datasource DataSourceNoCloud [seed=/dev/sdb][dsmode=net].  Up 28.97 seconds
[[0;32m  OK  [0m] Started Execute cloud user/final scripts.
[[0;32m  OK  [0m] Reached target Cloud-init target.

Ubuntu 18.04.6 LTS ubuntu-bionic ttyS0

ubuntu-bionic login:          Stopping Session 5 of user vagrant.
         Unmounting /vagrant...
[[0;32m  OK  [0m] Stopped target Host and Network Name Lookups.
         Stopping Session 6 of user vagrant.
         Stopping User Manager for UID 1000...
         Stopping Session 3 of user vagrant.
[[0;32m  OK  [0m] Stopped target Cloud-init target.
[[0;32m  OK  [0m] Stopped target Timers.
[[0;32m  OK  [0m] Stopped Discard unused blocks once a week.
[[0;32m  OK  [0m] Stopped Daily apt upgrade and clean activities.
[[0;32m  OK  [0m] Stopped Daily apt download activities.
[[0;32m  OK  [0m] Stopped Message of the Day.
[[0;32m  OK  [0m] Closed Load/Save RF Kill Switch Status /dev/rfkill Watch.
[[0;32m  OK  [0m] Stopped Execute cloud user/final scripts.
[[0;32m  OK  [0m] Stopped Apply the settings specified in cloud-config.
[[0;32m  OK  [0m] Stopped target Cloud-config availability.
[[0;32m  OK  [0m] Stopped target System Time Synchronized.
         Stopping Authorization Manager...
         Stopping Availability of block devices...
[[0;32m  OK  [0m] Stopped Ubuntu Advantage Timer for running repeated jobs.
[[0;32m  OK  [0m] Stopped target Graphical Interface.
         Stopping Accounts Service...
[[0;32m  OK  [0m] Stopped target Multi-User System.
[[0;32m  OK  [0m] Stopped kubelet: The Kubernetes Node Agent.
         Stopping Deferred execution scheduler...
         Stopping vboxadd-service.service...
[[0;32m  OK  [0m] Stopped target Login Prompts.
         Stopping Serial Getty on ttyS0...
         Stopping LXD - container startup/shutdown...
         Stopping irqbalance daemon...
         Stopping System Logging Service...
         Stopping LSB: Record successful boot for GRUB...
         Stopping D-Bus System Message Bus...
         Stopping Regular background program processing daemon...
         Stopping OpenBSD Secure Shell server...
[[0;32m  OK  [0m] Stopped Wait until snapd is fully seeded.
         Stopping Dispatcher daemon for systemd-networkd...
         Stopping LSB: automatic crash report generation...
[[0;32m  OK  [0m] Stopped Daily Cleanup of Temporary Directories.
         Stopping Getty on tty1...
         Stopping FUSE filesystem for LXC...
[[0;32m  OK  [0m] Unmounted /var/lib/lxcfs.
[[0;32m  OK  [0m] Stopped Accounts Service.
[[0;32m  OK  [0m] Stopped Deferred execution scheduler.
[[0;32m  OK  [0m] Stopped System Logging Service.
[[0;32m  OK  [0m] Stopped Dispatcher daemon for systemd-networkd.
[[0;32m  OK  [0m] Stopped Regular background program processing daemon.
[[0;32m  OK  [0m] Stopped irqbalance daemon.
[[0;32m  OK  [0m] Stopped OpenBSD Secure Shell server.
[[0;32m  OK  [0m] Stopped Authorization Manager.
[[0;32m  OK  [0m] Stopped Serial Getty on ttyS0.
[[0;32m  OK  [0m] Stopped Getty on tty1.
[[0;32m  OK  [0m] Stopped User Manager for UID 1000.
[[0;32m  OK  [0m] Unmounted /vagrant.
[[0;32m  OK  [0m] Stopped Availability of block devices.
[[0;32m  OK  [0m] Stopped vboxadd-service.service.
[[0;32m  OK  [0m] Stopped D-Bus System Message Bus.
[[0;32m  OK  [0m] Stopped FUSE filesystem for LXC.
[[0;32m  OK  [0m] Stopped Session 3 of user vagrant.
[[0;32m  OK  [0m] Stopped Session 5 of user vagrant.
[[0;32m  OK  [0m] Stopped Session 6 of user vagrant.
[[0;32m  OK  [0m] Stopped LXD - container startup/shutdown.
[[0;32m  OK  [0m] Stopped LSB: Record successful boot for GRUB.
         Stopping vboxadd.service...
[[0;32m  OK  [0m] Stopped target Network is Online.
[[0;32m  OK  [0m] Stopped target Remote File Systems (Pre).
[[0;32m  OK  [0m] Removed slice User Slice of vagrant.
         Stopping Login Service...
[[0;32m  OK  [0m] Removed slice system-getty.slice.
[[0;32m  OK  [0m] Stopped target Login Prompts (Pre).
[[0;32m  OK  [0m] Removed slice system-serial\x2dgetty.slice.
         Stopping Permit User Sessions...
[[0;32m  OK  [0m] Stopped Permit User Sessions.
[[0;32m  OK  [0m] Stopped target Network.
         Stopping Network Name Resolution...
[[0;32m  OK  [0m] Stopped LSB: automatic crash report generation.
[[0;32m  OK  [0m] Stopped Network Name Resolution.
         Stopping Network Service...
[[0;32m  OK  [0m] Stopped Login Service.
[[0;32m  OK  [0m] Stopped target User and Group Name Lookups.
[[0;32m  OK  [0m] Stopped Network Service.
[[0;32m  OK  [0m] Stopped vboxadd.service.
[[0;32m  OK  [0m] Stopped target Basic System.
[[0;32m  OK  [0m] Stopped target Sockets.
[[0;32m  OK  [0m] Closed Syslog Socket.
[[0;32m  OK  [0m] Closed ACPID Listen Socket.
[[0;32m  OK  [0m] Closed Open-iSCSI iscsid Socket.
[[0;32m  OK  [0m] Closed LXD - unix socket.
[[0;32m  OK  [0m] Closed Socket activation for snappy daemon.
[[0;32m  OK  [0m] Closed cloud-init hotplug hook socket.
[[0;32m  OK  [0m] Closed D-Bus System Message Bus Socket.
[[0;32m  OK  [0m] Closed UUID daemon activation socket.
[[0;32m  OK  [0m] Stopped target Paths.
[[0;32m  OK  [0m] Stopped ACPI Events Check.
[[0;32m  OK  [0m] Stopped target System Initialization.
[[0;32m  OK  [0m] Stopped Initial cloud-init job (metadata service crawler).
         Stopping Load/Save Random Seed...
[[0;32m  OK  [0m] Stopped target Local Encrypted Volumes.
[[0;32m  OK  [0m] Stopped Forward Password Requests to Wall Directory Watch.
         Stopping Update UTMP about System Boot/Shutdown...
[[0;32m  OK  [0m] Stopped Dispatch Password Requests to Console Directory Watch.
[[0;32m  OK  [0m] Stopped target Slices.
[[0;32m  OK  [0m] Removed slice User and Session Slice.
[[0;32m  OK  [0m] Stopped Apply Kernel Variables.
[[0;32m  OK  [0m] Stopped Load Kernel Modules.
[[0;32m  OK  [0m] Stopped target Network (Pre).
[[0;32m  OK  [0m] Stopped Initial cloud-init job (pre-networking).
[[0;32m  OK  [0m] Stopped Load/Save Random Seed.
[[0;32m  OK  [0m] Stopped Update UTMP about System Boot/Shutdown.
[[0;32m  OK  [0m] Stopped Create Volatile Files and Directories.
[[0;32m  OK  [0m] Stopped target Local File Systems.
         Unmounting /run/user/1000...
[[0;32m  OK  [0m] Stopped target Mounted snaps.
[[0;32m  OK  [0m] Stopped target Mounting snaps.
[[0;32m  OK  [0m] Unmounted /run/user/1000.
[[0;32m  OK  [0m] Reached target Unmount All Filesystems.
[[0;32m  OK  [0m] Stopped target Local File Systems (Pre).
[[0;32m  OK  [0m] Stopped Create Static Device Nodes in /dev.
[[0;32m  OK  [0m] Stopped Remount Root and Kernel File Systems.
         Stopping Monitoring of LVM2 mirrors…ng dmeventd or progress polling...
[[0;32m  OK  [0m] Stopped target Swap.
[[0;32m  OK  [0m] Reached target Shutdown.
[[0;32m  OK  [0m] Reached target Final Step.
         Starting Power-Off...
[  189.582225] reboot: Power down
